<?xml version="1.0" encoding="UTF-8"?>
<coverage generated="1530647603462" clover="3.2.0">
  <project timestamp="1530647603462" name="All files">
    <metrics statements="5" coveredstatements="5" conditionals="2" coveredconditionals="0" methods="2" coveredmethods="2" elements="9" coveredelements="7" complexity="0" loc="5" ncloc="5" packages="1" files="1" classes="1">
      <file name="dep.js" path="/Users/ernestopalafox/rollup-learning/src/dep.js">
        <metrics statements="5" coveredstatements="5" conditionals="2" coveredconditionals="0" methods="2" coveredmethods="2"/>
        <line num="1" count="1" type="stmt"/>
        <line num="2" count="1" type="stmt"/>
        <line num="3" count="1" type="stmt"/>
        <line num="4" count="1" type="stmt"/>
        <line num="7" count="1" type="cond" truecount="0" falsecount="2"/>
      </file>
    </metrics>
  </project>
</coverage>
