{"/Users/ernestopalafox/rollup-learning/src/dep.js": {"path":"/Users/ernestopalafox/rollup-learning/src/dep.js","statementMap":{"0":{"start":{"line":1,"column":17},"end":{"line":5,"column":3}},"1":{"start":{"line":2,"column":16},"end":{"line":2,"column":21}},"2":{"start":{"line":3,"column":23},"end":{"line":3,"column":45}},"3":{"start":{"line":4,"column":4},"end":{"line":4,"column":22}},"4":{"start":{"line":7,"column":27},"end":{"line":11,"column":4}},"5":{"start":{"line":7,"column":50},"end":{"line":11,"column":3}}},"fnMap":{"0":{"name":"(anonymous_0)","decl":{"start":{"line":1,"column":17},"end":{"line":1,"column":18}},"loc":{"start":{"line":1,"column":27},"end":{"line":5,"column":3}},"line":1},"1":{"name":"(anonymous_1)","decl":{"start":{"line":7,"column":27},"end":{"line":7,"column":28}},"loc":{"start":{"line":7,"column":50},"end":{"line":11,"column":3}},"line":7}},"branchMap":{"0":{"loc":{"start":{"line":7,"column":30},"end":{"line":7,"column":35}},"type":"default-arg","locations":[{"start":{"line":7,"column":34},"end":{"line":7,"column":35}}],"line":7},"1":{"loc":{"start":{"line":7,"column":37},"end":{"line":7,"column":42}},"type":"default-arg","locations":[{"start":{"line":7,"column":41},"end":{"line":7,"column":42}}],"line":7}},"s":{"0":1,"1":1,"2":1,"3":1,"4":1,"5":1},"f":{"0":1,"1":1},"b":{"0":[0],"1":[0]},"_coverageSchema":"332fd63041d2c1bcb487cc26dd0d5f7d97098a6c","hash":"dc9aa8f85089fde2580f2e3b3a754cc68e3b88da"}
}
